<?xml version="1.0" encoding="UTF-8"?>
<testng-results ignored="0" total="1" passed="1" failed="0" skipped="0">
  <reporter-output>
  </reporter-output>
  <suite started-at="2023-02-23T09:33:20 IST" name="Suite1" finished-at="2023-02-23T09:33:44 IST" duration-ms="24890">
    <groups>
    </groups>
    <test started-at="2023-02-23T09:33:20 IST" name="Test1" finished-at="2023-02-23T09:33:44 IST" duration-ms="24890">
      <class name="com.qa.hrm.HRMexsLOGS">
        <test-method is-config="true" signature="lanchapp()[pri:0, instance:com.qa.hrm.HRMexsLOGS@458342d3]" started-at="2023-02-23T09:33:20 IST" name="lanchapp" finished-at="2023-02-23T09:33:35 IST" duration-ms="15061" status="PASS">
          <reporter-output>
          </reporter-output>
        </test-method> <!-- lanchapp -->
        <test-method signature="operation()[pri:0, instance:com.qa.hrm.HRMexsLOGS@458342d3]" started-at="2023-02-23T09:33:35 IST" name="operation" finished-at="2023-02-23T09:33:44 IST" duration-ms="9771" status="PASS">
          <reporter-output>
          </reporter-output>
        </test-method> <!-- operation -->
      </class> <!-- com.qa.hrm.HRMexsLOGS -->
    </test> <!-- Test1 -->
  </suite> <!-- Suite1 -->
</testng-results>
